2024-10-03T20:47:44.836+07:00  INFO 9388 --- [jasper] [restartedMain] com.example.demo.JasperApplication       : Starting JasperApplication using Java 21.0.4 with PID 9388 (C:\Users\Administrator\Downloads\demo\target\classes started by Administrator in C:\Users\Administrator\Downloads\demo)
2024-10-03T20:47:44.839+07:00  INFO 9388 --- [jasper] [restartedMain] com.example.demo.JasperApplication       : No active profile set, falling back to 1 default profile: "default"
2024-10-03T20:47:44.889+07:00  INFO 9388 --- [jasper] [restartedMain] .e.DevToolsPropertyDefaultsPostProcessor : Devtools property defaults active! Set 'spring.devtools.add-properties' to 'false' to disable
2024-10-03T20:47:44.889+07:00  INFO 9388 --- [jasper] [restartedMain] .e.DevToolsPropertyDefaultsPostProcessor : For additional web related logging consider setting the 'logging.level.web' property to 'DEBUG'
2024-10-03T20:47:45.455+07:00  INFO 9388 --- [jasper] [restartedMain] .s.d.r.c.RepositoryConfigurationDelegate : Bootstrapping Spring Data JPA repositories in DEFAULT mode.
2024-10-03T20:47:45.476+07:00  INFO 9388 --- [jasper] [restartedMain] .s.d.r.c.RepositoryConfigurationDelegate : Finished Spring Data repository scanning in 13 ms. Found 0 JPA repository interfaces.
2024-10-03T20:47:45.976+07:00  INFO 9388 --- [jasper] [restartedMain] o.s.b.w.embedded.tomcat.TomcatWebServer  : Tomcat initialized with port 8082 (http)
2024-10-03T20:47:45.990+07:00  INFO 9388 --- [jasper] [restartedMain] o.apache.catalina.core.StandardService   : Starting service [Tomcat]
2024-10-03T20:47:45.990+07:00  INFO 9388 --- [jasper] [restartedMain] o.apache.catalina.core.StandardEngine    : Starting Servlet engine: [Apache Tomcat/10.1.30]
2024-10-03T20:47:46.037+07:00  INFO 9388 --- [jasper] [restartedMain] o.a.c.c.C.[Tomcat].[localhost].[/]       : Initializing Spring embedded WebApplicationContext
2024-10-03T20:47:46.038+07:00  INFO 9388 --- [jasper] [restartedMain] w.s.c.ServletWebServerApplicationContext : Root WebApplicationContext: initialization completed in 1149 ms
2024-10-03T20:47:46.162+07:00  INFO 9388 --- [jasper] [restartedMain] com.zaxxer.hikari.HikariDataSource       : HikariPool-1 - Starting...
2024-10-03T20:47:46.453+07:00  INFO 9388 --- [jasper] [restartedMain] com.zaxxer.hikari.pool.HikariPool        : HikariPool-1 - Added connection com.mysql.cj.jdbc.ConnectionImpl@30ec4d92
2024-10-03T20:47:46.455+07:00  INFO 9388 --- [jasper] [restartedMain] com.zaxxer.hikari.HikariDataSource       : HikariPool-1 - Start completed.
2024-10-03T20:47:46.494+07:00  INFO 9388 --- [jasper] [restartedMain] o.hibernate.jpa.internal.util.LogHelper  : HHH000204: Processing PersistenceUnitInfo [name: default]
2024-10-03T20:47:46.539+07:00  INFO 9388 --- [jasper] [restartedMain] org.hibernate.Version                    : HHH000412: Hibernate ORM core version 6.5.3.Final
2024-10-03T20:47:46.573+07:00  INFO 9388 --- [jasper] [restartedMain] o.h.c.internal.RegionFactoryInitiator    : HHH000026: Second-level cache disabled
2024-10-03T20:47:46.862+07:00  INFO 9388 --- [jasper] [restartedMain] o.s.o.j.p.SpringPersistenceUnitInfo      : No LoadTimeWeaver setup: ignoring JPA class transformer
2024-10-03T20:47:46.917+07:00  WARN 9388 --- [jasper] [restartedMain] org.hibernate.orm.deprecation            : HHH90000025: MySQL8Dialect does not need to be specified explicitly using 'hibernate.dialect' (remove the property setting and it will be selected by default)
2024-10-03T20:47:46.919+07:00  WARN 9388 --- [jasper] [restartedMain] org.hibernate.orm.deprecation            : HHH90000026: MySQL8Dialect has been deprecated; use org.hibernate.dialect.MySQLDialect instead
2024-10-03T20:47:47.506+07:00  INFO 9388 --- [jasper] [restartedMain] o.h.e.t.j.p.i.JtaPlatformInitiator       : HHH000489: No JTA platform available (set 'hibernate.transaction.jta.platform' to enable JTA platform integration)
2024-10-03T20:47:47.550+07:00  INFO 9388 --- [jasper] [restartedMain] j.LocalContainerEntityManagerFactoryBean : Initialized JPA EntityManagerFactory for persistence unit 'default'
2024-10-03T20:47:47.605+07:00  WARN 9388 --- [jasper] [restartedMain] JpaBaseConfiguration$JpaWebConfiguration : spring.jpa.open-in-view is enabled by default. Therefore, database queries may be performed during view rendering. Explicitly configure spring.jpa.open-in-view to disable this warning
2024-10-03T20:47:47.962+07:00  INFO 9388 --- [jasper] [restartedMain] o.s.b.d.a.OptionalLiveReloadServer       : LiveReload server is running on port 35729
2024-10-03T20:47:47.988+07:00  INFO 9388 --- [jasper] [restartedMain] o.s.b.w.embedded.tomcat.TomcatWebServer  : Tomcat started on port 8082 (http) with context path '/'
2024-10-03T20:47:47.995+07:00  INFO 9388 --- [jasper] [restartedMain] com.example.demo.JasperApplication       : Started JasperApplication in 3.563 seconds (process running for 3.987)
2024-10-03T20:48:07.626+07:00  INFO 9388 --- [jasper] [File Watcher] rtingClassPathChangeChangedEventListener : Restarting due to 1 class path change (0 additions, 1 deletion, 0 modifications)
2024-10-03T20:48:07.637+07:00  INFO 9388 --- [jasper] [Thread-5] j.LocalContainerEntityManagerFactoryBean : Closing JPA EntityManagerFactory for persistence unit 'default'
2024-10-03T20:48:07.643+07:00  INFO 9388 --- [jasper] [Thread-5] com.zaxxer.hikari.HikariDataSource       : HikariPool-1 - Shutdown initiated...
2024-10-03T20:48:07.659+07:00  INFO 9388 --- [jasper] [Thread-5] com.zaxxer.hikari.HikariDataSource       : HikariPool-1 - Shutdown completed.
2024-10-03T20:48:07.884+07:00  INFO 9388 --- [jasper] [restartedMain] com.example.demo.JasperApplication       : Starting JasperApplication using Java 21.0.4 with PID 9388 (C:\Users\Administrator\Downloads\demo\target\classes started by Administrator in C:\Users\Administrator\Downloads\demo)
2024-10-03T20:48:07.885+07:00  INFO 9388 --- [jasper] [restartedMain] com.example.demo.JasperApplication       : No active profile set, falling back to 1 default profile: "default"
2024-10-03T20:48:08.336+07:00  INFO 9388 --- [jasper] [restartedMain] .s.d.r.c.RepositoryConfigurationDelegate : Bootstrapping Spring Data JPA repositories in DEFAULT mode.
2024-10-03T20:48:08.340+07:00  INFO 9388 --- [jasper] [restartedMain] .s.d.r.c.RepositoryConfigurationDelegate : Finished Spring Data repository scanning in 3 ms. Found 0 JPA repository interfaces.
2024-10-03T20:48:08.543+07:00  INFO 9388 --- [jasper] [restartedMain] o.s.b.w.embedded.tomcat.TomcatWebServer  : Tomcat initialized with port 8082 (http)
2024-10-03T20:48:08.545+07:00  INFO 9388 --- [jasper] [restartedMain] o.apache.catalina.core.StandardService   : Starting service [Tomcat]
2024-10-03T20:48:08.545+07:00  INFO 9388 --- [jasper] [restartedMain] o.apache.catalina.core.StandardEngine    : Starting Servlet engine: [Apache Tomcat/10.1.30]
2024-10-03T20:48:08.570+07:00  INFO 9388 --- [jasper] [restartedMain] o.a.c.c.C.[Tomcat].[localhost].[/]       : Initializing Spring embedded WebApplicationContext
2024-10-03T20:48:08.571+07:00  INFO 9388 --- [jasper] [restartedMain] w.s.c.ServletWebServerApplicationContext : Root WebApplicationContext: initialization completed in 664 ms
2024-10-03T20:48:08.648+07:00  INFO 9388 --- [jasper] [restartedMain] com.zaxxer.hikari.HikariDataSource       : HikariPool-2 - Starting...
2024-10-03T20:48:08.665+07:00  INFO 9388 --- [jasper] [restartedMain] com.zaxxer.hikari.pool.HikariPool        : HikariPool-2 - Added connection com.mysql.cj.jdbc.ConnectionImpl@34b5f2a3
2024-10-03T20:48:08.666+07:00  INFO 9388 --- [jasper] [restartedMain] com.zaxxer.hikari.HikariDataSource       : HikariPool-2 - Start completed.
2024-10-03T20:48:08.667+07:00  INFO 9388 --- [jasper] [restartedMain] o.hibernate.jpa.internal.util.LogHelper  : HHH000204: Processing PersistenceUnitInfo [name: default]
2024-10-03T20:48:08.671+07:00  INFO 9388 --- [jasper] [restartedMain] o.h.c.internal.RegionFactoryInitiator    : HHH000026: Second-level cache disabled
2024-10-03T20:48:08.683+07:00  INFO 9388 --- [jasper] [restartedMain] o.s.o.j.p.SpringPersistenceUnitInfo      : No LoadTimeWeaver setup: ignoring JPA class transformer
2024-10-03T20:48:08.685+07:00  WARN 9388 --- [jasper] [restartedMain] org.hibernate.orm.deprecation            : HHH90000025: MySQL8Dialect does not need to be specified explicitly using 'hibernate.dialect' (remove the property setting and it will be selected by default)
2024-10-03T20:48:08.686+07:00  WARN 9388 --- [jasper] [restartedMain] org.hibernate.orm.deprecation            : HHH90000026: MySQL8Dialect has been deprecated; use org.hibernate.dialect.MySQLDialect instead
2024-10-03T20:48:08.736+07:00  INFO 9388 --- [jasper] [restartedMain] o.h.e.t.j.p.i.JtaPlatformInitiator       : HHH000489: No JTA platform available (set 'hibernate.transaction.jta.platform' to enable JTA platform integration)
2024-10-03T20:48:08.749+07:00  INFO 9388 --- [jasper] [restartedMain] j.LocalContainerEntityManagerFactoryBean : Initialized JPA EntityManagerFactory for persistence unit 'default'
2024-10-03T20:48:08.817+07:00  WARN 9388 --- [jasper] [restartedMain] JpaBaseConfiguration$JpaWebConfiguration : spring.jpa.open-in-view is enabled by default. Therefore, database queries may be performed during view rendering. Explicitly configure spring.jpa.open-in-view to disable this warning
2024-10-03T20:48:09.156+07:00  INFO 9388 --- [jasper] [restartedMain] o.s.b.d.a.OptionalLiveReloadServer       : LiveReload server is running on port 35729
2024-10-03T20:48:09.196+07:00  INFO 9388 --- [jasper] [restartedMain] o.s.b.w.embedded.tomcat.TomcatWebServer  : Tomcat started on port 8082 (http) with context path '/'
2024-10-03T20:48:09.207+07:00  INFO 9388 --- [jasper] [restartedMain] com.example.demo.JasperApplication       : Started JasperApplication in 1.473 seconds (process running for 25.199)
2024-10-03T20:48:09.212+07:00  INFO 9388 --- [jasper] [restartedMain] .ConditionEvaluationDeltaLoggingListener : Condition evaluation unchanged
2024-10-03T20:48:10.585+07:00  INFO 9388 --- [jasper] [File Watcher] rtingClassPathChangeChangedEventListener : Restarting due to 3 class path changes (1 addition, 0 deletions, 2 modifications)
2024-10-03T20:48:10.590+07:00  INFO 9388 --- [jasper] [Thread-7] j.LocalContainerEntityManagerFactoryBean : Closing JPA EntityManagerFactory for persistence unit 'default'
2024-10-03T20:48:10.590+07:00  INFO 9388 --- [jasper] [Thread-7] com.zaxxer.hikari.HikariDataSource       : HikariPool-2 - Shutdown initiated...
2024-10-03T20:48:10.600+07:00  INFO 9388 --- [jasper] [Thread-7] com.zaxxer.hikari.HikariDataSource       : HikariPool-2 - Shutdown completed.
2024-10-03T20:48:10.716+07:00  INFO 9388 --- [jasper] [restartedMain] com.example.demo.JasperApplication       : Starting JasperApplication using Java 21.0.4 with PID 9388 (C:\Users\Administrator\Downloads\demo\target\classes started by Administrator in C:\Users\Administrator\Downloads\demo)
2024-10-03T20:48:10.718+07:00  INFO 9388 --- [jasper] [restartedMain] com.example.demo.JasperApplication       : No active profile set, falling back to 1 default profile: "default"
2024-10-03T20:48:11.134+07:00  INFO 9388 --- [jasper] [restartedMain] .s.d.r.c.RepositoryConfigurationDelegate : Bootstrapping Spring Data JPA repositories in DEFAULT mode.
2024-10-03T20:48:11.137+07:00  INFO 9388 --- [jasper] [restartedMain] .s.d.r.c.RepositoryConfigurationDelegate : Finished Spring Data repository scanning in 2 ms. Found 0 JPA repository interfaces.
2024-10-03T20:48:11.320+07:00  INFO 9388 --- [jasper] [restartedMain] o.s.b.w.embedded.tomcat.TomcatWebServer  : Tomcat initialized with port 8082 (http)
2024-10-03T20:48:11.321+07:00  INFO 9388 --- [jasper] [restartedMain] o.apache.catalina.core.StandardService   : Starting service [Tomcat]
2024-10-03T20:48:11.322+07:00  INFO 9388 --- [jasper] [restartedMain] o.apache.catalina.core.StandardEngine    : Starting Servlet engine: [Apache Tomcat/10.1.30]
2024-10-03T20:48:11.344+07:00  INFO 9388 --- [jasper] [restartedMain] o.a.c.c.C.[Tomcat].[localhost].[/]       : Initializing Spring embedded WebApplicationContext
2024-10-03T20:48:11.345+07:00  INFO 9388 --- [jasper] [restartedMain] w.s.c.ServletWebServerApplicationContext : Root WebApplicationContext: initialization completed in 624 ms
2024-10-03T20:48:11.385+07:00  INFO 9388 --- [jasper] [restartedMain] com.zaxxer.hikari.HikariDataSource       : HikariPool-3 - Starting...
2024-10-03T20:48:11.408+07:00  INFO 9388 --- [jasper] [restartedMain] com.zaxxer.hikari.pool.HikariPool        : HikariPool-3 - Added connection com.mysql.cj.jdbc.ConnectionImpl@7573cc9c
2024-10-03T20:48:11.409+07:00  INFO 9388 --- [jasper] [restartedMain] com.zaxxer.hikari.HikariDataSource       : HikariPool-3 - Start completed.
2024-10-03T20:48:11.408+07:00  INFO 10536 --- [jasper] [main] c.example.demo.JasperApplicationTests    : Starting JasperApplicationTests using Java 21.0.4 with PID 10536 (started by Administrator in C:\Users\Administrator\Downloads\demo)
2024-10-03T20:48:11.410+07:00  INFO 9388 --- [jasper] [restartedMain] o.hibernate.jpa.internal.util.LogHelper  : HHH000204: Processing PersistenceUnitInfo [name: default]
2024-10-03T20:48:11.411+07:00  INFO 10536 --- [jasper] [main] c.example.demo.JasperApplicationTests    : No active profile set, falling back to 1 default profile: "default"
2024-10-03T20:48:11.413+07:00  INFO 9388 --- [jasper] [restartedMain] o.h.c.internal.RegionFactoryInitiator    : HHH000026: Second-level cache disabled
2024-10-03T20:48:11.423+07:00  INFO 9388 --- [jasper] [restartedMain] o.s.o.j.p.SpringPersistenceUnitInfo      : No LoadTimeWeaver setup: ignoring JPA class transformer
2024-10-03T20:48:11.425+07:00  WARN 9388 --- [jasper] [restartedMain] org.hibernate.orm.deprecation            : HHH90000025: MySQL8Dialect does not need to be specified explicitly using 'hibernate.dialect' (remove the property setting and it will be selected by default)
2024-10-03T20:48:11.425+07:00  WARN 9388 --- [jasper] [restartedMain] org.hibernate.orm.deprecation            : HHH90000026: MySQL8Dialect has been deprecated; use org.hibernate.dialect.MySQLDialect instead
2024-10-03T20:48:11.480+07:00  INFO 9388 --- [jasper] [restartedMain] o.h.e.t.j.p.i.JtaPlatformInitiator       : HHH000489: No JTA platform available (set 'hibernate.transaction.jta.platform' to enable JTA platform integration)
2024-10-03T20:48:11.490+07:00  INFO 9388 --- [jasper] [restartedMain] j.LocalContainerEntityManagerFactoryBean : Initialized JPA EntityManagerFactory for persistence unit 'default'
2024-10-03T20:48:11.528+07:00  WARN 9388 --- [jasper] [restartedMain] JpaBaseConfiguration$JpaWebConfiguration : spring.jpa.open-in-view is enabled by default. Therefore, database queries may be performed during view rendering. Explicitly configure spring.jpa.open-in-view to disable this warning
2024-10-03T20:48:11.790+07:00  INFO 9388 --- [jasper] [restartedMain] o.s.b.d.a.OptionalLiveReloadServer       : LiveReload server is running on port 35729
2024-10-03T20:48:11.801+07:00  INFO 9388 --- [jasper] [restartedMain] o.s.b.w.embedded.tomcat.TomcatWebServer  : Tomcat started on port 8082 (http) with context path '/'
2024-10-03T20:48:11.805+07:00  INFO 9388 --- [jasper] [restartedMain] com.example.demo.JasperApplication       : Started JasperApplication in 1.128 seconds (process running for 27.797)
2024-10-03T20:48:11.810+07:00  INFO 9388 --- [jasper] [restartedMain] .ConditionEvaluationDeltaLoggingListener : Condition evaluation unchanged
2024-10-03T20:48:12.394+07:00  INFO 10536 --- [jasper] [main] .s.d.r.c.RepositoryConfigurationDelegate : Bootstrapping Spring Data JPA repositories in DEFAULT mode.
2024-10-03T20:48:12.414+07:00  INFO 10536 --- [jasper] [main] .s.d.r.c.RepositoryConfigurationDelegate : Finished Spring Data repository scanning in 12 ms. Found 0 JPA repository interfaces.
2024-10-03T20:48:12.823+07:00  INFO 10536 --- [jasper] [main] com.zaxxer.hikari.HikariDataSource       : HikariPool-1 - Starting...
2024-10-03T20:48:13.141+07:00  INFO 10536 --- [jasper] [main] com.zaxxer.hikari.pool.HikariPool        : HikariPool-1 - Added connection com.mysql.cj.jdbc.ConnectionImpl@100aa331
2024-10-03T20:48:13.145+07:00  INFO 10536 --- [jasper] [main] com.zaxxer.hikari.HikariDataSource       : HikariPool-1 - Start completed.
2024-10-03T20:48:13.209+07:00  INFO 10536 --- [jasper] [main] o.hibernate.jpa.internal.util.LogHelper  : HHH000204: Processing PersistenceUnitInfo [name: default]
2024-10-03T20:48:13.272+07:00  INFO 10536 --- [jasper] [main] org.hibernate.Version                    : HHH000412: Hibernate ORM core version 6.5.3.Final
2024-10-03T20:48:13.301+07:00  INFO 10536 --- [jasper] [main] o.h.c.internal.RegionFactoryInitiator    : HHH000026: Second-level cache disabled
2024-10-03T20:48:13.600+07:00  INFO 10536 --- [jasper] [main] o.s.o.j.p.SpringPersistenceUnitInfo      : No LoadTimeWeaver setup: ignoring JPA class transformer
2024-10-03T20:48:13.670+07:00  WARN 10536 --- [jasper] [main] org.hibernate.orm.deprecation            : HHH90000025: MySQL8Dialect does not need to be specified explicitly using 'hibernate.dialect' (remove the property setting and it will be selected by default)
2024-10-03T20:48:13.671+07:00  WARN 10536 --- [jasper] [main] org.hibernate.orm.deprecation            : HHH90000026: MySQL8Dialect has been deprecated; use org.hibernate.dialect.MySQLDialect instead
2024-10-03T20:48:14.321+07:00  INFO 10536 --- [jasper] [main] o.h.e.t.j.p.i.JtaPlatformInitiator       : HHH000489: No JTA platform available (set 'hibernate.transaction.jta.platform' to enable JTA platform integration)
2024-10-03T20:48:14.356+07:00  INFO 10536 --- [jasper] [main] j.LocalContainerEntityManagerFactoryBean : Initialized JPA EntityManagerFactory for persistence unit 'default'
2024-10-03T20:48:14.487+07:00  WARN 10536 --- [jasper] [main] JpaBaseConfiguration$JpaWebConfiguration : spring.jpa.open-in-view is enabled by default. Therefore, database queries may be performed during view rendering. Explicitly configure spring.jpa.open-in-view to disable this warning
2024-10-03T20:48:14.877+07:00  INFO 10536 --- [jasper] [main] c.example.demo.JasperApplicationTests    : Started JasperApplicationTests in 4.029 seconds (process running for 5.261)
2024-10-03T20:48:15.355+07:00  INFO 10536 --- [jasper] [SpringApplicationShutdownHook] j.LocalContainerEntityManagerFactoryBean : Closing JPA EntityManagerFactory for persistence unit 'default'
2024-10-03T20:48:15.360+07:00  INFO 10536 --- [jasper] [SpringApplicationShutdownHook] com.zaxxer.hikari.HikariDataSource       : HikariPool-1 - Shutdown initiated...
2024-10-03T20:48:15.374+07:00  INFO 10536 --- [jasper] [SpringApplicationShutdownHook] com.zaxxer.hikari.HikariDataSource       : HikariPool-1 - Shutdown completed.
2024-10-03T21:35:12.285+07:00  INFO 9388 --- [jasper] [File Watcher] rtingClassPathChangeChangedEventListener : Restarting due to 2 class path changes (1 addition, 1 deletion, 0 modifications)
2024-10-03T21:35:12.288+07:00  INFO 9388 --- [jasper] [Thread-11] j.LocalContainerEntityManagerFactoryBean : Closing JPA EntityManagerFactory for persistence unit 'default'
2024-10-03T21:35:12.289+07:00  INFO 9388 --- [jasper] [Thread-11] com.zaxxer.hikari.HikariDataSource       : HikariPool-3 - Shutdown initiated...
2024-10-03T21:35:12.292+07:00  INFO 9388 --- [jasper] [Thread-11] com.zaxxer.hikari.HikariDataSource       : HikariPool-3 - Shutdown completed.
2024-10-03T21:35:12.354+07:00  INFO 9388 --- [jasper] [restartedMain] com.example.demo.JasperApplication       : Starting JasperApplication using Java 21.0.4 with PID 9388 (C:\Users\Administrator\Downloads\demo\target\classes started by Administrator in C:\Users\Administrator\Downloads\demo)
2024-10-03T21:35:12.354+07:00  INFO 9388 --- [jasper] [restartedMain] com.example.demo.JasperApplication       : No active profile set, falling back to 1 default profile: "default"
2024-10-03T21:35:12.499+07:00  INFO 9388 --- [jasper] [restartedMain] .s.d.r.c.RepositoryConfigurationDelegate : Bootstrapping Spring Data JPA repositories in DEFAULT mode.
2024-10-03T21:35:12.545+07:00  INFO 9388 --- [jasper] [restartedMain] .s.d.r.c.RepositoryConfigurationDelegate : Finished Spring Data repository scanning in 45 ms. Found 1 JPA repository interface.
2024-10-03T21:35:12.720+07:00  INFO 9388 --- [jasper] [restartedMain] o.s.b.w.embedded.tomcat.TomcatWebServer  : Tomcat initialized with port 8082 (http)
2024-10-03T21:35:12.722+07:00  INFO 9388 --- [jasper] [restartedMain] o.apache.catalina.core.StandardService   : Starting service [Tomcat]
2024-10-03T21:35:12.722+07:00  INFO 9388 --- [jasper] [restartedMain] o.apache.catalina.core.StandardEngine    : Starting Servlet engine: [Apache Tomcat/10.1.30]
2024-10-03T21:35:12.743+07:00  INFO 9388 --- [jasper] [restartedMain] o.a.c.c.C.[Tomcat].[localhost].[/]       : Initializing Spring embedded WebApplicationContext
2024-10-03T21:35:12.743+07:00  INFO 9388 --- [jasper] [restartedMain] w.s.c.ServletWebServerApplicationContext : Root WebApplicationContext: initialization completed in 388 ms
2024-10-03T21:35:12.780+07:00  INFO 9388 --- [jasper] [restartedMain] com.zaxxer.hikari.HikariDataSource       : HikariPool-4 - Starting...
2024-10-03T21:35:12.793+07:00  INFO 9388 --- [jasper] [restartedMain] com.zaxxer.hikari.pool.HikariPool        : HikariPool-4 - Added connection com.mysql.cj.jdbc.ConnectionImpl@15d28e73
2024-10-03T21:35:12.794+07:00  INFO 9388 --- [jasper] [restartedMain] com.zaxxer.hikari.HikariDataSource       : HikariPool-4 - Start completed.
2024-10-03T21:35:12.796+07:00  INFO 9388 --- [jasper] [restartedMain] o.hibernate.jpa.internal.util.LogHelper  : HHH000204: Processing PersistenceUnitInfo [name: default]
2024-10-03T21:35:12.799+07:00  INFO 9388 --- [jasper] [restartedMain] o.h.c.internal.RegionFactoryInitiator    : HHH000026: Second-level cache disabled
2024-10-03T21:35:12.806+07:00  INFO 9388 --- [jasper] [restartedMain] o.s.o.j.p.SpringPersistenceUnitInfo      : No LoadTimeWeaver setup: ignoring JPA class transformer
2024-10-03T21:35:12.808+07:00  WARN 9388 --- [jasper] [restartedMain] org.hibernate.orm.deprecation            : HHH90000025: MySQL8Dialect does not need to be specified explicitly using 'hibernate.dialect' (remove the property setting and it will be selected by default)
2024-10-03T21:35:12.808+07:00  WARN 9388 --- [jasper] [restartedMain] org.hibernate.orm.deprecation            : HHH90000026: MySQL8Dialect has been deprecated; use org.hibernate.dialect.MySQLDialect instead
2024-10-03T21:35:12.843+07:00  INFO 9388 --- [jasper] [restartedMain] o.h.e.t.j.p.i.JtaPlatformInitiator       : HHH000489: No JTA platform available (set 'hibernate.transaction.jta.platform' to enable JTA platform integration)
2024-10-03T21:35:12.851+07:00  INFO 9388 --- [jasper] [restartedMain] j.LocalContainerEntityManagerFactoryBean : Initialized JPA EntityManagerFactory for persistence unit 'default'
2024-10-03T21:35:12.868+07:00  WARN 9388 --- [jasper] [restartedMain] JpaBaseConfiguration$JpaWebConfiguration : spring.jpa.open-in-view is enabled by default. Therefore, database queries may be performed during view rendering. Explicitly configure spring.jpa.open-in-view to disable this warning
2024-10-03T21:35:13.121+07:00  INFO 9388 --- [jasper] [restartedMain] o.s.b.d.a.OptionalLiveReloadServer       : LiveReload server is running on port 35729
2024-10-03T21:35:13.127+07:00  INFO 9388 --- [jasper] [restartedMain] o.s.b.w.embedded.tomcat.TomcatWebServer  : Tomcat started on port 8082 (http) with context path '/'
2024-10-03T21:35:13.129+07:00  INFO 9388 --- [jasper] [restartedMain] com.example.demo.JasperApplication       : Started JasperApplication in 0.792 seconds (process running for 2849.121)
2024-10-03T21:35:13.130+07:00  INFO 9388 --- [jasper] [restartedMain] .ConditionEvaluationDeltaLoggingListener : Condition evaluation unchanged
2024-10-03T21:35:14.542+07:00  INFO 9388 --- [jasper] [File Watcher] rtingClassPathChangeChangedEventListener : Restarting due to 4 class path changes (2 additions, 0 deletions, 2 modifications)
2024-10-03T21:35:14.545+07:00  INFO 9388 --- [jasper] [Thread-15] j.LocalContainerEntityManagerFactoryBean : Closing JPA EntityManagerFactory for persistence unit 'default'
2024-10-03T21:35:14.545+07:00  INFO 9388 --- [jasper] [Thread-15] com.zaxxer.hikari.HikariDataSource       : HikariPool-4 - Shutdown initiated...
2024-10-03T21:35:14.547+07:00  INFO 9388 --- [jasper] [Thread-15] com.zaxxer.hikari.HikariDataSource       : HikariPool-4 - Shutdown completed.
2024-10-03T21:35:14.602+07:00  INFO 9388 --- [jasper] [restartedMain] com.example.demo.JasperApplication       : Starting JasperApplication using Java 21.0.4 with PID 9388 (C:\Users\Administrator\Downloads\demo\target\classes started by Administrator in C:\Users\Administrator\Downloads\demo)
2024-10-03T21:35:14.603+07:00  INFO 9388 --- [jasper] [restartedMain] com.example.demo.JasperApplication       : No active profile set, falling back to 1 default profile: "default"
2024-10-03T21:35:14.717+07:00  INFO 9388 --- [jasper] [restartedMain] .s.d.r.c.RepositoryConfigurationDelegate : Bootstrapping Spring Data JPA repositories in DEFAULT mode.
2024-10-03T21:35:14.723+07:00  INFO 9388 --- [jasper] [restartedMain] .s.d.r.c.RepositoryConfigurationDelegate : Finished Spring Data repository scanning in 5 ms. Found 1 JPA repository interface.
2024-10-03T21:35:14.776+07:00  INFO 9388 --- [jasper] [restartedMain] o.s.b.w.embedded.tomcat.TomcatWebServer  : Tomcat initialized with port 8082 (http)
2024-10-03T21:35:14.776+07:00  INFO 9388 --- [jasper] [restartedMain] o.apache.catalina.core.StandardService   : Starting service [Tomcat]
2024-10-03T21:35:14.777+07:00  INFO 9388 --- [jasper] [restartedMain] o.apache.catalina.core.StandardEngine    : Starting Servlet engine: [Apache Tomcat/10.1.30]
2024-10-03T21:35:14.787+07:00  INFO 9388 --- [jasper] [restartedMain] o.a.c.c.C.[Tomcat].[localhost].[/]       : Initializing Spring embedded WebApplicationContext
2024-10-03T21:35:14.788+07:00  INFO 9388 --- [jasper] [restartedMain] w.s.c.ServletWebServerApplicationContext : Root WebApplicationContext: initialization completed in 184 ms
2024-10-03T21:35:14.808+07:00  INFO 9388 --- [jasper] [restartedMain] com.zaxxer.hikari.HikariDataSource       : HikariPool-5 - Starting...
2024-10-03T21:35:14.817+07:00  INFO 9388 --- [jasper] [restartedMain] com.zaxxer.hikari.pool.HikariPool        : HikariPool-5 - Added connection com.mysql.cj.jdbc.ConnectionImpl@384ea02d
2024-10-03T21:35:14.817+07:00  INFO 9388 --- [jasper] [restartedMain] com.zaxxer.hikari.HikariDataSource       : HikariPool-5 - Start completed.
2024-10-03T21:35:14.818+07:00  INFO 9388 --- [jasper] [restartedMain] o.hibernate.jpa.internal.util.LogHelper  : HHH000204: Processing PersistenceUnitInfo [name: default]
2024-10-03T21:35:14.819+07:00  INFO 9388 --- [jasper] [restartedMain] o.h.c.internal.RegionFactoryInitiator    : HHH000026: Second-level cache disabled
2024-10-03T21:35:14.824+07:00  INFO 9388 --- [jasper] [restartedMain] o.s.o.j.p.SpringPersistenceUnitInfo      : No LoadTimeWeaver setup: ignoring JPA class transformer
2024-10-03T21:35:14.825+07:00  WARN 9388 --- [jasper] [restartedMain] org.hibernate.orm.deprecation            : HHH90000025: MySQL8Dialect does not need to be specified explicitly using 'hibernate.dialect' (remove the property setting and it will be selected by default)
2024-10-03T21:35:14.825+07:00  WARN 9388 --- [jasper] [restartedMain] org.hibernate.orm.deprecation            : HHH90000026: MySQL8Dialect has been deprecated; use org.hibernate.dialect.MySQLDialect instead
2024-10-03T21:35:14.850+07:00  INFO 9388 --- [jasper] [restartedMain] o.h.e.t.j.p.i.JtaPlatformInitiator       : HHH000489: No JTA platform available (set 'hibernate.transaction.jta.platform' to enable JTA platform integration)
2024-10-03T21:35:14.855+07:00  INFO 9388 --- [jasper] [restartedMain] j.LocalContainerEntityManagerFactoryBean : Initialized JPA EntityManagerFactory for persistence unit 'default'
2024-10-03T21:35:14.866+07:00  WARN 9388 --- [jasper] [restartedMain] JpaBaseConfiguration$JpaWebConfiguration : spring.jpa.open-in-view is enabled by default. Therefore, database queries may be performed during view rendering. Explicitly configure spring.jpa.open-in-view to disable this warning
2024-10-03T21:35:14.940+07:00  INFO 9388 --- [jasper] [restartedMain] o.s.b.d.a.OptionalLiveReloadServer       : LiveReload server is running on port 35729
2024-10-03T21:35:14.945+07:00  INFO 9388 --- [jasper] [restartedMain] o.s.b.w.embedded.tomcat.TomcatWebServer  : Tomcat started on port 8082 (http) with context path '/'
2024-10-03T21:35:14.946+07:00  INFO 9388 --- [jasper] [restartedMain] com.example.demo.JasperApplication       : Started JasperApplication in 0.358 seconds (process running for 2850.938)
2024-10-03T21:35:14.947+07:00  INFO 9388 --- [jasper] [restartedMain] .ConditionEvaluationDeltaLoggingListener : Condition evaluation unchanged
2024-10-03T21:36:23.234+07:00  INFO 9388 --- [jasper] [File Watcher] rtingClassPathChangeChangedEventListener : Restarting due to 2 class path changes (0 additions, 2 deletions, 0 modifications)
2024-10-03T21:36:23.238+07:00  INFO 9388 --- [jasper] [Thread-19] j.LocalContainerEntityManagerFactoryBean : Closing JPA EntityManagerFactory for persistence unit 'default'
2024-10-03T21:36:23.239+07:00  INFO 9388 --- [jasper] [Thread-19] com.zaxxer.hikari.HikariDataSource       : HikariPool-5 - Shutdown initiated...
2024-10-03T21:36:23.245+07:00  INFO 9388 --- [jasper] [Thread-19] com.zaxxer.hikari.HikariDataSource       : HikariPool-5 - Shutdown completed.
2024-10-03T21:36:23.350+07:00  INFO 9388 --- [jasper] [restartedMain] com.example.demo.JasperApplication       : Starting JasperApplication using Java 21.0.4 with PID 9388 (C:\Users\Administrator\Downloads\demo\target\classes started by Administrator in C:\Users\Administrator\Downloads\demo)
2024-10-03T21:36:23.351+07:00  INFO 9388 --- [jasper] [restartedMain] com.example.demo.JasperApplication       : No active profile set, falling back to 1 default profile: "default"
2024-10-03T21:36:23.546+07:00  INFO 9388 --- [jasper] [restartedMain] .s.d.r.c.RepositoryConfigurationDelegate : Bootstrapping Spring Data JPA repositories in DEFAULT mode.
2024-10-03T21:36:23.548+07:00  INFO 9388 --- [jasper] [restartedMain] .s.d.r.c.RepositoryConfigurationDelegate : Finished Spring Data repository scanning in 2 ms. Found 0 JPA repository interfaces.
2024-10-03T21:36:23.651+07:00  INFO 9388 --- [jasper] [restartedMain] o.s.b.w.embedded.tomcat.TomcatWebServer  : Tomcat initialized with port 8082 (http)
2024-10-03T21:36:23.653+07:00  INFO 9388 --- [jasper] [restartedMain] o.apache.catalina.core.StandardService   : Starting service [Tomcat]
2024-10-03T21:36:23.653+07:00  INFO 9388 --- [jasper] [restartedMain] o.apache.catalina.core.StandardEngine    : Starting Servlet engine: [Apache Tomcat/10.1.30]
2024-10-03T21:36:23.670+07:00  INFO 9388 --- [jasper] [restartedMain] o.a.c.c.C.[Tomcat].[localhost].[/]       : Initializing Spring embedded WebApplicationContext
2024-10-03T21:36:23.671+07:00  INFO 9388 --- [jasper] [restartedMain] w.s.c.ServletWebServerApplicationContext : Root WebApplicationContext: initialization completed in 318 ms
2024-10-03T21:36:23.704+07:00  INFO 9388 --- [jasper] [restartedMain] com.zaxxer.hikari.HikariDataSource       : HikariPool-6 - Starting...
2024-10-03T21:36:23.720+07:00  INFO 9388 --- [jasper] [restartedMain] com.zaxxer.hikari.pool.HikariPool        : HikariPool-6 - Added connection com.mysql.cj.jdbc.ConnectionImpl@3b9181db
2024-10-03T21:36:23.720+07:00  INFO 9388 --- [jasper] [restartedMain] com.zaxxer.hikari.HikariDataSource       : HikariPool-6 - Start completed.
2024-10-03T21:36:23.721+07:00  INFO 9388 --- [jasper] [restartedMain] o.hibernate.jpa.internal.util.LogHelper  : HHH000204: Processing PersistenceUnitInfo [name: default]
2024-10-03T21:36:23.724+07:00  INFO 9388 --- [jasper] [restartedMain] o.h.c.internal.RegionFactoryInitiator    : HHH000026: Second-level cache disabled
2024-10-03T21:36:23.735+07:00  INFO 9388 --- [jasper] [restartedMain] o.s.o.j.p.SpringPersistenceUnitInfo      : No LoadTimeWeaver setup: ignoring JPA class transformer
2024-10-03T21:36:23.737+07:00  WARN 9388 --- [jasper] [restartedMain] org.hibernate.orm.deprecation            : HHH90000025: MySQL8Dialect does not need to be specified explicitly using 'hibernate.dialect' (remove the property setting and it will be selected by default)
2024-10-03T21:36:23.737+07:00  WARN 9388 --- [jasper] [restartedMain] org.hibernate.orm.deprecation            : HHH90000026: MySQL8Dialect has been deprecated; use org.hibernate.dialect.MySQLDialect instead
2024-10-03T21:36:23.779+07:00  INFO 9388 --- [jasper] [restartedMain] o.h.e.t.j.p.i.JtaPlatformInitiator       : HHH000489: No JTA platform available (set 'hibernate.transaction.jta.platform' to enable JTA platform integration)
2024-10-03T21:36:23.788+07:00  INFO 9388 --- [jasper] [restartedMain] j.LocalContainerEntityManagerFactoryBean : Initialized JPA EntityManagerFactory for persistence unit 'default'
2024-10-03T21:36:23.811+07:00  WARN 9388 --- [jasper] [restartedMain] JpaBaseConfiguration$JpaWebConfiguration : spring.jpa.open-in-view is enabled by default. Therefore, database queries may be performed during view rendering. Explicitly configure spring.jpa.open-in-view to disable this warning
2024-10-03T21:36:23.915+07:00  INFO 9388 --- [jasper] [restartedMain] o.s.b.d.a.OptionalLiveReloadServer       : LiveReload server is running on port 35729
2024-10-03T21:36:23.923+07:00  INFO 9388 --- [jasper] [restartedMain] o.s.b.w.embedded.tomcat.TomcatWebServer  : Tomcat started on port 8082 (http) with context path '/'
2024-10-03T21:36:23.926+07:00  INFO 9388 --- [jasper] [restartedMain] com.example.demo.JasperApplication       : Started JasperApplication in 0.605 seconds (process running for 2919.918)
2024-10-03T21:36:23.927+07:00  INFO 9388 --- [jasper] [restartedMain] .ConditionEvaluationDeltaLoggingListener : Condition evaluation unchanged
2024-10-03T21:36:25.333+07:00  INFO 9388 --- [jasper] [File Watcher] rtingClassPathChangeChangedEventListener : Restarting due to 4 class path changes (2 additions, 0 deletions, 2 modifications)
2024-10-03T21:36:25.336+07:00  INFO 9388 --- [jasper] [Thread-23] j.LocalContainerEntityManagerFactoryBean : Closing JPA EntityManagerFactory for persistence unit 'default'
2024-10-03T21:36:25.337+07:00  INFO 9388 --- [jasper] [Thread-23] com.zaxxer.hikari.HikariDataSource       : HikariPool-6 - Shutdown initiated...
2024-10-03T21:36:25.340+07:00  INFO 9388 --- [jasper] [Thread-23] com.zaxxer.hikari.HikariDataSource       : HikariPool-6 - Shutdown completed.
2024-10-03T21:36:25.438+07:00  INFO 9388 --- [jasper] [restartedMain] com.example.demo.JasperApplication       : Starting JasperApplication using Java 21.0.4 with PID 9388 (C:\Users\Administrator\Downloads\demo\target\classes started by Administrator in C:\Users\Administrator\Downloads\demo)
2024-10-03T21:36:25.438+07:00  INFO 9388 --- [jasper] [restartedMain] com.example.demo.JasperApplication       : No active profile set, falling back to 1 default profile: "default"
2024-10-03T21:36:25.558+07:00  INFO 9388 --- [jasper] [restartedMain] .s.d.r.c.RepositoryConfigurationDelegate : Bootstrapping Spring Data JPA repositories in DEFAULT mode.
2024-10-03T21:36:25.564+07:00  INFO 9388 --- [jasper] [restartedMain] .s.d.r.c.RepositoryConfigurationDelegate : Finished Spring Data repository scanning in 6 ms. Found 1 JPA repository interface.
2024-10-03T21:36:25.643+07:00  INFO 9388 --- [jasper] [restartedMain] o.s.b.w.embedded.tomcat.TomcatWebServer  : Tomcat initialized with port 8082 (http)
2024-10-03T21:36:25.643+07:00  INFO 9388 --- [jasper] [restartedMain] o.apache.catalina.core.StandardService   : Starting service [Tomcat]
2024-10-03T21:36:25.644+07:00  INFO 9388 --- [jasper] [restartedMain] o.apache.catalina.core.StandardEngine    : Starting Servlet engine: [Apache Tomcat/10.1.30]
2024-10-03T21:36:25.658+07:00  INFO 9388 --- [jasper] [restartedMain] o.a.c.c.C.[Tomcat].[localhost].[/]       : Initializing Spring embedded WebApplicationContext
2024-10-03T21:36:25.658+07:00  INFO 9388 --- [jasper] [restartedMain] w.s.c.ServletWebServerApplicationContext : Root WebApplicationContext: initialization completed in 217 ms
2024-10-03T21:36:25.687+07:00  INFO 9388 --- [jasper] [restartedMain] com.zaxxer.hikari.HikariDataSource       : HikariPool-7 - Starting...
2024-10-03T21:36:25.697+07:00  INFO 9388 --- [jasper] [restartedMain] com.zaxxer.hikari.pool.HikariPool        : HikariPool-7 - Added connection com.mysql.cj.jdbc.ConnectionImpl@48cfb743
2024-10-03T21:36:25.697+07:00  INFO 9388 --- [jasper] [restartedMain] com.zaxxer.hikari.HikariDataSource       : HikariPool-7 - Start completed.
2024-10-03T21:36:25.698+07:00  INFO 9388 --- [jasper] [restartedMain] o.hibernate.jpa.internal.util.LogHelper  : HHH000204: Processing PersistenceUnitInfo [name: default]
2024-10-03T21:36:25.701+07:00  INFO 9388 --- [jasper] [restartedMain] o.h.c.internal.RegionFactoryInitiator    : HHH000026: Second-level cache disabled
2024-10-03T21:36:25.707+07:00  INFO 9388 --- [jasper] [restartedMain] o.s.o.j.p.SpringPersistenceUnitInfo      : No LoadTimeWeaver setup: ignoring JPA class transformer
2024-10-03T21:36:25.708+07:00  WARN 9388 --- [jasper] [restartedMain] org.hibernate.orm.deprecation            : HHH90000025: MySQL8Dialect does not need to be specified explicitly using 'hibernate.dialect' (remove the property setting and it will be selected by default)
2024-10-03T21:36:25.708+07:00  WARN 9388 --- [jasper] [restartedMain] org.hibernate.orm.deprecation            : HHH90000026: MySQL8Dialect has been deprecated; use org.hibernate.dialect.MySQLDialect instead
2024-10-03T21:36:25.735+07:00  INFO 9388 --- [jasper] [restartedMain] o.h.e.t.j.p.i.JtaPlatformInitiator       : HHH000489: No JTA platform available (set 'hibernate.transaction.jta.platform' to enable JTA platform integration)
2024-10-03T21:36:25.740+07:00  INFO 9388 --- [jasper] [restartedMain] j.LocalContainerEntityManagerFactoryBean : Initialized JPA EntityManagerFactory for persistence unit 'default'
2024-10-03T21:36:25.754+07:00  WARN 9388 --- [jasper] [restartedMain] JpaBaseConfiguration$JpaWebConfiguration : spring.jpa.open-in-view is enabled by default. Therefore, database queries may be performed during view rendering. Explicitly configure spring.jpa.open-in-view to disable this warning
2024-10-03T21:36:25.823+07:00  INFO 9388 --- [jasper] [restartedMain] o.s.b.d.a.OptionalLiveReloadServer       : LiveReload server is running on port 35729
2024-10-03T21:36:25.827+07:00  INFO 9388 --- [jasper] [restartedMain] o.s.b.w.embedded.tomcat.TomcatWebServer  : Tomcat started on port 8082 (http) with context path '/'
2024-10-03T21:36:25.830+07:00  INFO 9388 --- [jasper] [restartedMain] com.example.demo.JasperApplication       : Started JasperApplication in 0.435 seconds (process running for 2921.822)
2024-10-03T21:36:25.831+07:00  INFO 9388 --- [jasper] [restartedMain] .ConditionEvaluationDeltaLoggingListener : Condition evaluation unchanged
2024-10-03T21:55:34.913+07:00  INFO 9388 --- [jasper] [SpringApplicationShutdownHook] j.LocalContainerEntityManagerFactoryBean : Closing JPA EntityManagerFactory for persistence unit 'default'
2024-10-03T21:55:34.913+07:00  INFO 9388 --- [jasper] [SpringApplicationShutdownHook] com.zaxxer.hikari.HikariDataSource       : HikariPool-7 - Shutdown initiated...
2024-10-03T21:55:34.916+07:00  INFO 9388 --- [jasper] [SpringApplicationShutdownHook] com.zaxxer.hikari.HikariDataSource       : HikariPool-7 - Shutdown completed.
